[debug] [2021-07-08T16:31:04.757Z] ----------------------------------------------------------------------
[debug] [2021-07-08T16:31:04.759Z] Command:       /usr/local/bin/node /usr/local/bin/firebase init
[debug] [2021-07-08T16:31:04.759Z] CLI Version:   9.14.0
[debug] [2021-07-08T16:31:04.759Z] Platform:      darwin
[debug] [2021-07-08T16:31:04.759Z] Node Version:  v14.17.1
[debug] [2021-07-08T16:31:04.760Z] Time:          Thu Jul 08 2021 11:31:04 GMT-0500 (Central Daylight Time)
[debug] [2021-07-08T16:31:04.760Z] ----------------------------------------------------------------------
[debug] 
[debug] [2021-07-08T16:31:04.764Z] > command requires scopes: ["email","openid","https://www.googleapis.com/auth/cloudplatformprojects.readonly","https://www.googleapis.com/auth/firebase","https://www.googleapis.com/auth/cloud-platform"]
[debug] [2021-07-08T16:31:04.764Z] > authorizing via signed-in user (zuoqingshiye@gmail.com)
[info] 
     ######## #### ########  ######## ########     ###     ######  ########
     ##        ##  ##     ## ##       ##     ##  ##   ##  ##       ##
     ######    ##  ########  ######   ########  #########  ######  ######
     ##        ##  ##    ##  ##       ##     ## ##     ##       ## ##
     ##       #### ##     ## ######## ########  ##     ##  ######  ########

You're about to initialize a Firebase project in this directory:

  /Users/zhaotong/Desktop/编程/JS/Angular/oshop

Before we get started, keep in mind:

  * You are initializing within an existing Firebase project directory

[info] 
=== Project Setup
[info] 
[info] First, let's associate this project directory with a Firebase project.
[info] You can create multiple project aliases by running firebase use --add, 
[info] but for now we'll just set up a default project.
[info] 
[info] i  .firebaserc already has a default project, using oshop-18746. 
[debug] [2021-07-08T16:31:14.921Z] > refreshing access token with scopes: []
[debug] [2021-07-08T16:31:14.922Z] >>> HTTP REQUEST POST https://www.googleapis.com/oauth2/v3/token  
 <request body omitted>
[debug] [2021-07-08T16:31:15.114Z] <<< HTTP RESPONSE 200 {"date":"Thu, 08 Jul 2021 16:31:15 GMT","cache-control":"no-cache, no-store, max-age=0, must-revalidate","expires":"Mon, 01 Jan 1990 00:00:00 GMT","pragma":"no-cache","content-type":"application/json; charset=utf-8","vary":"X-Origin, Referer, Origin,Accept-Encoding","server":"scaffolding on HTTPServer2","x-xss-protection":"0","x-frame-options":"SAMEORIGIN","x-content-type-options":"nosniff","alt-svc":"h3=\":443\"; ma=2592000,h3-29=\":443\"; ma=2592000,h3-T051=\":443\"; ma=2592000,h3-Q050=\":443\"; ma=2592000,h3-Q046=\":443\"; ma=2592000,h3-Q043=\":443\"; ma=2592000,quic=\":443\"; ma=2592000; v=\"46,43\"","accept-ranges":"none","transfer-encoding":"chunked"}
[debug] [2021-07-08T16:31:15.133Z] >>> [apiv2][query] GET https://firebase.googleapis.com/v1beta1/projects/oshop-18746 [none]
[debug] [2021-07-08T16:31:15.389Z] <<< [apiv2][status] GET https://firebase.googleapis.com/v1beta1/projects/oshop-18746 200
[debug] [2021-07-08T16:31:15.390Z] <<< [apiv2][body] GET https://firebase.googleapis.com/v1beta1/projects/oshop-18746 {"projectId":"oshop-18746","projectNumber":"81992404958","displayName":"oshop","name":"projects/oshop-18746","resources":{"hostingSite":"oshop-18746","realtimeDatabaseInstance":"oshop-18746-default-rtdb","storageBucket":"oshop-18746.appspot.com","locationId":"us-central"},"state":"ACTIVE"}
[info] 
=== Hosting Setup
[info] 
[info] Your public directory is the folder (relative to your project directory) that
[info] will contain Hosting assets to be uploaded with firebase deploy. If you
[info] have a build process for your assets, use your build's output directory.
[info] 
[info] ✔  Wrote dist/oshop/404.html 
[debug] [2021-07-08T16:31:33.555Z] >>> [apiv2][query] GET https://www.gstatic.com/firebasejs/releases.json [none]
[debug] [2021-07-08T16:31:33.730Z] <<< [apiv2][status] GET https://www.gstatic.com/firebasejs/releases.json 200
[debug] [2021-07-08T16:31:33.730Z] <<< [apiv2][body] GET https://www.gstatic.com/firebasejs/releases.json {"current":{"version":"8.7.0","browserURL":"https://www.gstatic.com/firebasejs/8.7.0/firebase.js","packageURL":"https://www.gstatic.com/firebasejs/8.7.0/firebase.tgz"},"live":{"version":"8.7","browserURL":"https://www.gstatic.com/firebasejs/live/8.7/firebase.js","packageURL":"https://www.gstatic.com/firebasejs/live/8.7/firebase.tgz"},"components":{"analytics":"https://www.gstatic.com/firebasejs/8.7.0/firebase-analytics.js","app":"https://www.gstatic.com/firebasejs/8.7.0/firebase-app.js","app-check":"https://www.gstatic.com/firebasejs/8.7.0/firebase-app-check.js","auth":"https://www.gstatic.com/firebasejs/8.7.0/firebase-auth.js","database":"https://www.gstatic.com/firebasejs/8.7.0/firebase-database.js","firestore":"https://www.gstatic.com/firebasejs/8.7.0/firebase-firestore.js","functions":"https://www.gstatic.com/firebasejs/8.7.0/firebase-functions.js","installations":"https://www.gstatic.com/firebasejs/8.7.0/firebase-installations.js","messaging":"https://www.gstatic.com/firebasejs/8.7.0/firebase-messaging.js","storage":"https://www.gstatic.com/firebasejs/8.7.0/firebase-storage.js","performance":"https://www.gstatic.com/firebasejs/8.7.0/firebase-performance.js","remote-config":"https://www.gstatic.com/firebasejs/8.7.0/firebase-remote-config.js","firestore.memory":"https://www.gstatic.com/firebasejs/8.7.0/firebase-firestore.memory.js"}}
[info] i  Skipping write of dist/oshop/index.html 
[info] 
[info] i  Detected a .git folder at /Users/zhaotong/Desktop/编程/JS/Angular/oshop 
[info] i  Authorizing with GitHub to upload your service account to a GitHub repository's secrets store. 
[info] 
[info] Visit this URL on this device to log in:
[info] https://github.com/login/oauth/authorize?client_id=89cf50f02ac6aaed3484&state=192734079&redirect_uri=http%3A%2F%2Flocalhost%3A9005&scope=read%3Auser%20repo%20public_repo
[info] 
[info] Waiting for authentication...
[debug] [2021-07-08T16:31:41.792Z] >>> HTTP REQUEST POST https://github.com/login/oauth/access_token  
 {"client_id":"89cf50f02ac6aaed3484","client_secret":"3330d14abc895d9a74d5f17cd7a00711fa2c5bf0","code":"9a33dbfb676e62d314bf","redirect_uri":"http://localhost:9005","state":"192734079"}
[debug] [2021-07-08T16:31:42.068Z] <<< HTTP RESPONSE 200 {"server":"GitHub.com","date":"Thu, 08 Jul 2021 16:31:41 GMT","content-type":"application/json; charset=utf-8","transfer-encoding":"chunked","vary":"X-PJAX, Accept-Encoding, Accept, X-Requested-With","permissions-policy":"interest-cohort=()","etag":"W/\"ef1e1309fca0e0244659fc415248b498\"","cache-control":"max-age=0, private, must-revalidate","strict-transport-security":"max-age=31536000; includeSubdomains; preload","x-frame-options":"deny","x-content-type-options":"nosniff","x-xss-protection":"0","referrer-policy":"origin-when-cross-origin, strict-origin-when-cross-origin","expect-ct":"max-age=2592000, report-uri=\"https://api.github.com/_private/browser/errors\"","content-security-policy":"default-src 'none'; base-uri 'self'; block-all-mixed-content; connect-src 'self' uploads.github.com www.githubstatus.com collector.githubapp.com api.github.com github-cloud.s3.amazonaws.com github-production-repository-file-5c1aeb.s3.amazonaws.com github-production-upload-manifest-file-7fdce7.s3.amazonaws.com github-production-user-asset-6210df.s3.amazonaws.com cdn.optimizely.com logx.optimizely.com/v1/events translator.github.com wss://alive.github.com; font-src github.githubassets.com; form-action 'self' github.com gist.github.com; frame-ancestors 'none'; frame-src render.githubusercontent.com render-temp.githubusercontent.com viewscreen.githubusercontent.com; img-src 'self' data: github.githubassets.com identicons.github.com collector.githubapp.com github-cloud.s3.amazonaws.com secured-user-images.githubusercontent.com/ *.githubusercontent.com; manifest-src 'self'; media-src 'none'; script-src github.githubassets.com; style-src 'unsafe-inline' github.githubassets.com; worker-src github.com/socket-worker-3f088aa2.js gist.github.com/socket-worker-3f088aa2.js","x-github-request-id":"C9B9:72D7:3ECA0A0:5BE1B73:60E7286D"}
[debug] [2021-07-08T16:31:42.074Z] >>> [apiv2][query] GET https://api.github.com/user [none]
[debug] [2021-07-08T16:31:42.342Z] <<< [apiv2][status] GET https://api.github.com/user 200
[debug] [2021-07-08T16:31:42.342Z] <<< [apiv2][body] GET https://api.github.com/user {"login":"zuoqingshiye","id":54818991,"node_id":"MDQ6VXNlcjU0ODE4OTkx","avatar_url":"https://avatars.githubusercontent.com/u/54818991?v=4","gravatar_id":"","url":"https://api.github.com/users/zuoqingshiye","html_url":"https://github.com/zuoqingshiye","followers_url":"https://api.github.com/users/zuoqingshiye/followers","following_url":"https://api.github.com/users/zuoqingshiye/following{/other_user}","gists_url":"https://api.github.com/users/zuoqingshiye/gists{/gist_id}","starred_url":"https://api.github.com/users/zuoqingshiye/starred{/owner}{/repo}","subscriptions_url":"https://api.github.com/users/zuoqingshiye/subscriptions","organizations_url":"https://api.github.com/users/zuoqingshiye/orgs","repos_url":"https://api.github.com/users/zuoqingshiye/repos","events_url":"https://api.github.com/users/zuoqingshiye/events{/privacy}","received_events_url":"https://api.github.com/users/zuoqingshiye/received_events","type":"User","site_admin":false,"name":null,"company":null,"blog":"","location":null,"email":null,"hireable":null,"bio":null,"twitter_username":null,"public_repos":2,"public_gists":0,"followers":0,"following":0,"created_at":"2019-09-02T19:57:18Z","updated_at":"2021-06-24T19:59:16Z","private_gists":0,"total_private_repos":0,"owned_private_repos":0,"disk_usage":510,"collaborators":0,"two_factor_authentication":false,"plan":{"name":"free","space":976562499,"collaborators":0,"private_repos":10000}}
[info] 
[info] ✔  Success! Logged into GitHub as zuoqingshiye 
[info] 
